2024-12-23 22:33:10 INFO  o.h.validator.internal.util.Version - HV000001: Hibernate Validator 8.0.1.Final
2024-12-23 22:33:10 INFO  c.t.jobseeker.JobseekerApplication - Starting JobseekerApplication using Java 17.0.12 with PID 16212 (C:\Users\FPTSHOP\Favorites\Downloads\hoi-dan-it\jobseeker\job-seeker\target\classes started by Nhat Thien in C:\Users\FPTSHOP\Favorites\Downloads\hoi-dan-it\jobseeker\job-seeker)
2024-12-23 22:33:10 INFO  c.t.jobseeker.JobseekerApplication - No active profile set, falling back to 1 default profile: "default"
2024-12-23 22:33:12 INFO  o.s.d.r.c.RepositoryConfigurationDelegate - Bootstrapping Spring Data JPA repositories in DEFAULT mode.
2024-12-23 22:33:12 INFO  o.s.d.r.c.RepositoryConfigurationDelegate - Finished Spring Data repository scanning in 105 ms. Found 2 JPA repository interfaces.
2024-12-23 22:33:14 INFO  o.s.b.w.e.tomcat.TomcatWebServer - Tomcat initialized with port 8080 (http)
2024-12-23 22:33:14 INFO  o.a.coyote.http11.Http11NioProtocol - Initializing ProtocolHandler ["http-nio-8080"]
2024-12-23 22:33:14 INFO  o.a.catalina.core.StandardService - Starting service [Tomcat]
2024-12-23 22:33:14 INFO  o.a.catalina.core.StandardEngine - Starting Servlet engine: [Apache Tomcat/10.1.33]
2024-12-23 22:33:14 INFO  o.a.c.c.C.[Tomcat].[localhost].[/] - Initializing Spring embedded WebApplicationContext
2024-12-23 22:33:14 INFO  o.s.b.w.s.c.ServletWebServerApplicationContext - Root WebApplicationContext: initialization completed in 4154 ms
2024-12-23 22:33:15 INFO  o.h.jpa.internal.util.LogHelper - HHH000204: Processing PersistenceUnitInfo [name: default]
2024-12-23 22:33:15 INFO  org.hibernate.Version - HHH000412: Hibernate ORM core version 6.6.2.Final
2024-12-23 22:33:15 INFO  o.h.c.i.RegionFactoryInitiator - HHH000026: Second-level cache disabled
2024-12-23 22:33:15 INFO  o.s.o.j.p.SpringPersistenceUnitInfo - No LoadTimeWeaver setup: ignoring JPA class transformer
2024-12-23 22:33:15 INFO  com.zaxxer.hikari.HikariDataSource - HikariPool-1 - Starting...
2024-12-23 22:33:16 INFO  com.zaxxer.hikari.pool.HikariPool - HikariPool-1 - Added connection com.mysql.cj.jdbc.ConnectionImpl@7538cfe6
2024-12-23 22:33:16 INFO  com.zaxxer.hikari.HikariDataSource - HikariPool-1 - Start completed.
2024-12-23 22:33:16 INFO  o.hibernate.orm.connections.pooling - HHH10001005: Database info:
	Database JDBC URL [Connecting through datasource 'HikariDataSource (HikariPool-1)']
	Database driver: undefined/unknown
	Database version: 9.1
	Autocommit mode: undefined/unknown
	Isolation level: undefined/unknown
	Minimum pool size: undefined/unknown
	Maximum pool size: undefined/unknown
2024-12-23 22:33:17 INFO  o.h.e.t.j.p.i.JtaPlatformInitiator - HHH000489: No JTA platform available (set 'hibernate.transaction.jta.platform' to enable JTA platform integration)
2024-12-23 22:33:17 INFO  o.s.o.j.LocalContainerEntityManagerFactoryBean - Initialized JPA EntityManagerFactory for persistence unit 'default'
2024-12-23 22:33:18 WARN  o.s.b.a.o.j.JpaBaseConfiguration$JpaWebConfiguration - spring.jpa.open-in-view is enabled by default. Therefore, database queries may be performed during view rendering. Explicitly configure spring.jpa.open-in-view to disable this warning
2024-12-23 22:33:18 INFO  o.s.s.c.a.a.c.InitializeUserDetailsBeanManagerConfigurer$InitializeUserDetailsManagerConfigurer - Global AuthenticationManager configured with UserDetailsService bean with name userDetailsService
2024-12-23 22:33:19 INFO  o.a.coyote.http11.Http11NioProtocol - Starting ProtocolHandler ["http-nio-8080"]
2024-12-23 22:33:19 INFO  o.s.b.w.e.tomcat.TomcatWebServer - Tomcat started on port 8080 (http) with context path '/'
2024-12-23 22:33:19 INFO  c.t.jobseeker.JobseekerApplication - Started JobseekerApplication in 9.486 seconds (process running for 9.95)
2024-12-23 22:33:52 INFO  o.a.c.c.C.[Tomcat].[localhost].[/] - Initializing Spring DispatcherServlet 'dispatcherServlet'
2024-12-23 22:33:52 INFO  o.s.web.servlet.DispatcherServlet - Initializing Servlet 'dispatcherServlet'
2024-12-23 22:33:52 INFO  o.s.web.servlet.DispatcherServlet - Completed initialization in 2 ms
2024-12-23 22:34:16 INFO  c.t.j.controller.UserController - Executing login method
